<?xml version="1.0" encoding="UTF-8"?>
<testng-results skipped="0" failed="0" total="2" passed="2">
  <reporter-output>
    <line>
      <![CDATA[Sign up process completed successfully]]>
    </line>
    <line>
      <![CDATA[User logged in successfully]]>
    </line>
  </reporter-output>
  <suite name="Default suite" duration-ms="18226" started-at="2017-08-21T06:29:09Z" finished-at="2017-08-21T06:29:27Z">
    <groups>
    </groups>
    <test name="Default test" duration-ms="18226" started-at="2017-08-21T06:29:09Z" finished-at="2017-08-21T06:29:27Z">
      <class name="defautpackage.SellerRegistration">
        <test-method status="PASS" signature="beforeSuite()[pri:0, instance:defautpackage.SellerRegistration@29774679]" name="beforeSuite" is-config="true" duration-ms="6312" started-at="2017-08-21T10:29:03Z" finished-at="2017-08-21T10:29:09Z">
          <reporter-output>
          </reporter-output>
        </test-method> <!-- beforeSuite -->
        <test-method status="PASS" signature="beforeTest()[pri:0, instance:defautpackage.SellerRegistration@29774679]" name="beforeTest" is-config="true" duration-ms="5814" started-at="2017-08-21T10:29:09Z" finished-at="2017-08-21T10:29:15Z">
          <reporter-output>
          </reporter-output>
        </test-method> <!-- beforeTest -->
        <test-method status="PASS" signature="SignUp()[pri:0, instance:defautpackage.SellerRegistration@29774679]" name="SignUp" duration-ms="6523" started-at="2017-08-21T10:29:15Z" finished-at="2017-08-21T10:29:22Z">
          <reporter-output>
            <line>
              <![CDATA[Sign up process completed successfully]]>
            </line>
          </reporter-output>
        </test-method> <!-- SignUp -->
        <test-method status="PASS" signature="Login()[pri:1, instance:defautpackage.SellerRegistration@29774679]" name="Login" duration-ms="5817" started-at="2017-08-21T10:29:22Z" finished-at="2017-08-21T10:29:27Z">
          <reporter-output>
            <line>
              <![CDATA[User logged in successfully]]>
            </line>
          </reporter-output>
        </test-method> <!-- Login -->
        <test-method status="PASS" signature="afterTest()[pri:0, instance:defautpackage.SellerRegistration@29774679]" name="afterTest" is-config="true" duration-ms="1" started-at="2017-08-21T10:29:27Z" finished-at="2017-08-21T10:29:27Z">
          <reporter-output>
          </reporter-output>
        </test-method> <!-- afterTest -->
        <test-method status="PASS" signature="afterSuite()[pri:0, instance:defautpackage.SellerRegistration@29774679]" name="afterSuite" is-config="true" duration-ms="1" started-at="2017-08-21T10:29:28Z" finished-at="2017-08-21T10:29:28Z">
          <reporter-output>
          </reporter-output>
        </test-method> <!-- afterSuite -->
      </class> <!-- defautpackage.SellerRegistration -->
    </test> <!-- Default test -->
  </suite> <!-- Default suite -->
</testng-results>
